# JRE version: Java(TM) SE Runtime Environment (19.0.1+10) (build 19.0.1+10-21)
# Java VM: Java HotSpot(TM) 64-Bit Server VM (19.0.1+10-21, mixed mode, sharing, tiered, compressed oops, compressed class ptrs, g1 gc, windows-amd64)
GC Precious Log:
 CardTable entry size: 512
 Card Set container configuration: InlinePtr #cards 5 size 8 Array Of Cards #cards 12 size 40 Howl #buckets 4 coarsen threshold 1843 Howl Bitmap #cards 512 size 80 coarsen threshold 460 Card regions per heap region 1 cards per card region 2048
 CPUs: 12 total, 12 available
 Memory: 8013M
 Large Page Support: Disabled
 NUMA Support: Disabled
 Compressed Oops: Enabled (32-bit)
 Heap Region Size: 1M
 Heap Min Capacity: 8M
 Heap Initial Capacity: 126M
 Heap Max Capacity: 1536M
 Pre-touch: Disabled
 Parallel Workers: 10
 Concurrent Workers: 3
 Concurrent Refinement Workers: 10
 Periodic GC: Disabled
Heap:
 garbage-first heap   total 157696K, used 100515K [0x00000000a0000000, 0x0000000100000000)
  region size 1024K, 32 young (32768K), 8 survivors (8192K)
 Metaspace       used 75925K, committed 77824K, reserved 1179648K
  class space    used 10258K, committed 11200K, reserved 1048576K
GC Heap History (20 events):
Event: 16.950 GC heap before
{Heap before GC invocations=11 (full 0):
 garbage-first heap   total 78848K, used 32926K [0x00000000a0000000, 0x0000000100000000)
  region size 1024K, 4 young (4096K), 3 survivors (3072K)
 Metaspace       used 38250K, committed 39616K, reserved 1114112K
  class space    used 5237K, committed 5952K, reserved 1048576K
}
Event: 16.959 GC heap after
{Heap after GC invocations=12 (full 0):
 garbage-first heap   total 78848K, used 32224K [0x00000000a0000000, 0x0000000100000000)
  region size 1024K, 1 young (1024K), 1 survivors (1024K)
 Metaspace       used 38250K, committed 39616K, reserved 1114112K
  class space    used 5237K, committed 5952K, reserved 1048576K
}
Event: 18.649 GC heap before
{Heap before GC invocations=12 (full 0):
 garbage-first heap   total 78848K, used 59872K [0x00000000a0000000, 0x0000000100000000)
  region size 1024K, 28 young (28672K), 1 survivors (1024K)
 Metaspace       used 41337K, committed 42752K, reserved 1114112K
  class space    used 5664K, committed 6400K, reserved 1048576K
}
Event: 18.655 GC heap after
{Heap after GC invocations=13 (full 0):
 garbage-first heap   total 157696K, used 34024K [0x00000000a0000000, 0x0000000100000000)
  region size 1024K, 3 young (3072K), 3 survivors (3072K)
 Metaspace       used 41337K, committed 42752K, reserved 1114112K
  class space    used 5664K, committed 6400K, reserved 1048576K
}
Event: 21.941 GC heap before
{Heap before GC invocations=13 (full 0):
 garbage-first heap   total 157696K, used 126184K [0x00000000a0000000, 0x0000000100000000)
  region size 1024K, 86 young (88064K), 3 survivors (3072K)
 Metaspace       used 45782K, committed 47296K, reserved 1114112K
  class space    used 6219K, committed 6976K, reserved 1048576K
}
Event: 21.949 GC heap after
{Heap after GC invocations=14 (full 0):
 garbage-first heap   total 157696K, used 50560K [0x00000000a0000000, 0x0000000100000000)
  region size 1024K, 11 young (11264K), 11 survivors (11264K)
 Metaspace       used 45782K, committed 47296K, reserved 1114112K
  class space    used 6219K, committed 6976K, reserved 1048576K
}
Event: 24.979 GC heap before
{Heap before GC invocations=14 (full 0):
 garbage-first heap   total 157696K, used 118144K [0x00000000a0000000, 0x0000000100000000)
  region size 1024K, 78 young (79872K), 11 survivors (11264K)
 Metaspace       used 56178K, committed 57792K, reserved 1114112K
  class space    used 7429K, committed 8256K, reserved 1048576K
}
Event: 24.991 GC heap after
{Heap after GC invocations=15 (full 0):
 garbage-first heap   total 157696K, used 55808K [0x00000000a0000000, 0x0000000100000000)
  region size 1024K, 6 young (6144K), 6 survivors (6144K)
 Metaspace       used 56178K, committed 57792K, reserved 1114112K
  class space    used 7429K, committed 8256K, reserved 1048576K
}
Event: 25.981 GC heap before
{Heap before GC invocations=15 (full 0):
 garbage-first heap   total 157696K, used 85504K [0x00000000a0000000, 0x0000000100000000)
  region size 1024K, 36 young (36864K), 6 survivors (6144K)
 Metaspace       used 58737K, committed 60288K, reserved 1114112K
  class space    used 7719K, committed 8512K, reserved 1048576K
}
Event: 25.989 GC heap after
{Heap after GC invocations=16 (full 0):
 garbage-first heap   total 157696K, used 57711K [0x00000000a0000000, 0x0000000100000000)
  region size 1024K, 3 young (3072K), 3 survivors (3072K)
 Metaspace       used 58737K, committed 60288K, reserved 1114112K
  class space    used 7719K, committed 8512K, reserved 1048576K
}
Event: 30.818 GC heap before
{Heap before GC invocations=17 (full 0):
 garbage-first heap   total 157696K, used 123247K [0x00000000a0000000, 0x0000000100000000)
  region size 1024K, 67 young (68608K), 3 survivors (3072K)
 Metaspace       used 62520K, committed 64256K, reserved 1114112K
  class space    used 8172K, committed 9088K, reserved 1048576K
}
Event: 30.827 GC heap after
{Heap after GC invocations=18 (full 0):
 garbage-first heap   total 157696K, used 62381K [0x00000000a0000000, 0x0000000100000000)
  region size 1024K, 7 young (7168K), 7 survivors (7168K)
 Metaspace       used 62520K, committed 64256K, reserved 1114112K
  class space    used 8172K, committed 9088K, reserved 1048576K
}
Event: 30.845 GC heap before
{Heap before GC invocations=18 (full 0):
 garbage-first heap   total 157696K, used 63405K [0x00000000a0000000, 0x0000000100000000)
  region size 1024K, 8 young (8192K), 7 survivors (7168K)
 Metaspace       used 62522K, committed 64256K, reserved 1114112K
  class space    used 8173K, committed 9088K, reserved 1048576K
}
Event: 30.852 GC heap after
{Heap after GC invocations=19 (full 0):
 garbage-first heap   total 157696K, used 63022K [0x00000000a0000000, 0x0000000100000000)
  region size 1024K, 1 young (1024K), 1 survivors (1024K)
 Metaspace       used 62522K, committed 64256K, reserved 1114112K
  class space    used 8173K, committed 9088K, reserved 1048576K
}
Event: 32.365 GC heap before
{Heap before GC invocations=19 (full 0):
 garbage-first heap   total 157696K, used 125486K [0x00000000a0000000, 0x0000000100000000)
  region size 1024K, 62 young (63488K), 1 survivors (1024K)
 Metaspace       used 64464K, committed 66240K, reserved 1114112K
  class space    used 8419K, committed 9344K, reserved 1048576K
}
Event: 32.372 GC heap after
{Heap after GC invocations=20 (full 0):
 garbage-first heap   total 157696K, used 67173K [0x00000000a0000000, 0x0000000100000000)
  region size 1024K, 6 young (6144K), 6 survivors (6144K)
 Metaspace       used 64464K, committed 66240K, reserved 1114112K
  class space    used 8419K, committed 9344K, reserved 1048576K
}
Event: 34.810 GC heap before
{Heap before GC invocations=20 (full 0):
 garbage-first heap   total 157696K, used 125541K [0x00000000a0000000, 0x0000000100000000)
  region size 1024K, 63 young (64512K), 6 survivors (6144K)
 Metaspace       used 70075K, committed 71936K, reserved 1114112K
  class space    used 9351K, committed 10304K, reserved 1048576K
}
Event: 34.821 GC heap after
{Heap after GC invocations=21 (full 0):
 garbage-first heap   total 157696K, used 70956K [0x00000000a0000000, 0x0000000100000000)
  region size 1024K, 4 young (4096K), 4 survivors (4096K)
 Metaspace       used 70075K, committed 71936K, reserved 1114112K
  class space    used 9351K, committed 10304K, reserved 1048576K
}
Event: 36.910 GC heap before
{Heap before GC invocations=21 (full 0):
 garbage-first heap   total 157696K, used 127276K [0x00000000a0000000, 0x0000000100000000)
  region size 1024K, 59 young (60416K), 4 survivors (4096K)
 Metaspace       used 73271K, committed 75136K, reserved 1114112K
  class space    used 9855K, committed 10816K, reserved 1048576K
}
Event: 36.934 GC heap after
{Heap after GC invocations=22 (full 0):
 garbage-first heap   total 157696K, used 76963K [0x00000000a0000000, 0x0000000100000000)
  region size 1024K, 8 young (8192K), 8 survivors (8192K)
 Metaspace       used 73271K, committed 75136K, reserved 1114112K
  class space    used 9855K, committed 10816K, reserved 1048576K
}

