# JRE version: Java(TM) SE Runtime Environment (19.0.1+10) (build 19.0.1+10-21)
# Java VM: Java HotSpot(TM) 64-Bit Server VM (19.0.1+10-21, mixed mode, sharing, tiered, compressed oops, compressed class ptrs, g1 gc, windows-amd64)
GC Precious Log:
 CardTable entry size: 512
 Card Set container configuration: InlinePtr #cards 5 size 8 Array Of Cards #cards 12 size 40 Howl #buckets 4 coarsen threshold 1843 Howl Bitmap #cards 512 size 80 coarsen threshold 460 Card regions per heap region 1 cards per card region 2048
 CPUs: 12 total, 12 available
 Memory: 8013M
 Large Page Support: Disabled
 NUMA Support: Disabled
 Compressed Oops: Enabled (32-bit)
 Heap Region Size: 1M
 Heap Min Capacity: 8M
 Heap Initial Capacity: 126M
 Heap Max Capacity: 1536M
 Pre-touch: Disabled
 Parallel Workers: 10
 Concurrent Workers: 3
 Concurrent Refinement Workers: 10
 Periodic GC: Disabled
Heap:
 garbage-first heap   total 129024K, used 34391K [0x00000000a0000000, 0x0000000100000000)
  region size 1024K, 2 young (2048K), 2 survivors (2048K)
 Metaspace       used 42011K, committed 43392K, reserved 1114112K
  class space    used 5751K, committed 6464K, reserved 1048576K
GC Heap History (20 events):
Event: 2.116 GC heap after
{Heap after GC invocations=1 (full 0):
 garbage-first heap   total 129024K, used 8985K [0x00000000a0000000, 0x0000000100000000)
  region size 1024K, 3 young (3072K), 3 survivors (3072K)
 Metaspace       used 3082K, committed 3200K, reserved 1114112K
  class space    used 376K, committed 448K, reserved 1048576K
}
Event: 3.165 GC heap before
{Heap before GC invocations=1 (full 0):
 garbage-first heap   total 129024K, used 37657K [0x00000000a0000000, 0x0000000100000000)
  region size 1024K, 31 young (31744K), 3 survivors (3072K)
 Metaspace       used 4025K, committed 4224K, reserved 1114112K
  class space    used 469K, committed 576K, reserved 1048576K
}
Event: 3.174 GC heap after
{Heap after GC invocations=2 (full 0):
 garbage-first heap   total 129024K, used 13303K [0x00000000a0000000, 0x0000000100000000)
  region size 1024K, 4 young (4096K), 4 survivors (4096K)
 Metaspace       used 4025K, committed 4224K, reserved 1114112K
  class space    used 469K, committed 576K, reserved 1048576K
}
Event: 8.688 GC heap before
{Heap before GC invocations=2 (full 0):
 garbage-first heap   total 129024K, used 84983K [0x00000000a0000000, 0x0000000100000000)
  region size 1024K, 75 young (76800K), 4 survivors (4096K)
 Metaspace       used 18232K, committed 18816K, reserved 1114112K
  class space    used 2581K, committed 2880K, reserved 1048576K
}
Event: 8.807 GC heap after
{Heap after GC invocations=3 (full 0):
 garbage-first heap   total 129024K, used 20003K [0x00000000a0000000, 0x0000000100000000)
  region size 1024K, 10 young (10240K), 10 survivors (10240K)
 Metaspace       used 18232K, committed 18816K, reserved 1114112K
  class space    used 2581K, committed 2880K, reserved 1048576K
}
Event: 9.377 GC heap before
{Heap before GC invocations=3 (full 0):
 garbage-first heap   total 129024K, used 37411K [0x00000000a0000000, 0x0000000100000000)
  region size 1024K, 28 young (28672K), 10 survivors (10240K)
 Metaspace       used 20853K, committed 21504K, reserved 1114112K
  class space    used 3000K, committed 3328K, reserved 1048576K
}
Event: 9.389 GC heap after
{Heap after GC invocations=4 (full 0):
 garbage-first heap   total 129024K, used 21571K [0x00000000a0000000, 0x0000000100000000)
  region size 1024K, 2 young (2048K), 2 survivors (2048K)
 Metaspace       used 20853K, committed 21504K, reserved 1114112K
  class space    used 3000K, committed 3328K, reserved 1048576K
}
Event: 11.249 GC heap before
{Heap before GC invocations=5 (full 0):
 garbage-first heap   total 89088K, used 71747K [0x00000000a0000000, 0x0000000100000000)
  region size 1024K, 52 young (53248K), 2 survivors (2048K)
 Metaspace       used 30339K, committed 31424K, reserved 1114112K
  class space    used 4239K, committed 4800K, reserved 1048576K
}
Event: 11.259 GC heap after
{Heap after GC invocations=6 (full 0):
 garbage-first heap   total 89088K, used 26555K [0x00000000a0000000, 0x0000000100000000)
  region size 1024K, 7 young (7168K), 7 survivors (7168K)
 Metaspace       used 30339K, committed 31424K, reserved 1114112K
  class space    used 4239K, committed 4800K, reserved 1048576K
}
Event: 11.300 GC heap before
{Heap before GC invocations=6 (full 0):
 garbage-first heap   total 89088K, used 27579K [0x00000000a0000000, 0x0000000100000000)
  region size 1024K, 8 young (8192K), 7 survivors (7168K)
 Metaspace       used 30473K, committed 31616K, reserved 1114112K
  class space    used 4249K, committed 4800K, reserved 1048576K
}
Event: 11.309 GC heap after
{Heap after GC invocations=7 (full 0):
 garbage-first heap   total 89088K, used 26212K [0x00000000a0000000, 0x0000000100000000)
  region size 1024K, 1 young (1024K), 1 survivors (1024K)
 Metaspace       used 30473K, committed 31616K, reserved 1114112K
  class space    used 4249K, committed 4800K, reserved 1048576K
}
Event: 12.311 GC heap before
{Heap before GC invocations=7 (full 0):
 garbage-first heap   total 89088K, used 67172K [0x00000000a0000000, 0x0000000100000000)
  region size 1024K, 39 young (39936K), 1 survivors (1024K)
 Metaspace       used 33633K, committed 34752K, reserved 1114112K
  class space    used 4612K, committed 5184K, reserved 1048576K
}
Event: 12.319 GC heap after
{Heap after GC invocations=8 (full 0):
 garbage-first heap   total 89088K, used 29075K [0x00000000a0000000, 0x0000000100000000)
  region size 1024K, 4 young (4096K), 4 survivors (4096K)
 Metaspace       used 33633K, committed 34752K, reserved 1114112K
  class space    used 4612K, committed 5184K, reserved 1048576K
}
Event: 12.729 GC heap before
{Heap before GC invocations=8 (full 0):
 garbage-first heap   total 89088K, used 41363K [0x00000000a0000000, 0x0000000100000000)
  region size 1024K, 17 young (17408K), 4 survivors (4096K)
 Metaspace       used 35258K, committed 36480K, reserved 1114112K
  class space    used 4869K, committed 5504K, reserved 1048576K
}
Event: 12.735 GC heap after
{Heap after GC invocations=9 (full 0):
 garbage-first heap   total 89088K, used 30244K [0x00000000a0000000, 0x0000000100000000)
  region size 1024K, 2 young (2048K), 2 survivors (2048K)
 Metaspace       used 35258K, committed 36480K, reserved 1114112K
  class space    used 4869K, committed 5504K, reserved 1048576K
}
Event: 13.711 GC heap before
{Heap before GC invocations=10 (full 0):
 garbage-first heap   total 89088K, used 66084K [0x00000000a0000000, 0x0000000100000000)
  region size 1024K, 36 young (36864K), 2 survivors (2048K)
 Metaspace       used 38939K, committed 40320K, reserved 1114112K
  class space    used 5356K, committed 6080K, reserved 1048576K
}
Event: 13.718 GC heap after
{Heap after GC invocations=11 (full 0):
 garbage-first heap   total 89088K, used 32850K [0x00000000a0000000, 0x0000000100000000)
  region size 1024K, 4 young (4096K), 4 survivors (4096K)
 Metaspace       used 38939K, committed 40320K, reserved 1114112K
  class space    used 5356K, committed 6080K, reserved 1048576K
}
Event: 13.743 GC heap before
{Heap before GC invocations=11 (full 0):
 garbage-first heap   total 89088K, used 33874K [0x00000000a0000000, 0x0000000100000000)
  region size 1024K, 5 young (5120K), 4 survivors (4096K)
 Metaspace       used 39059K, committed 40448K, reserved 1114112K
  class space    used 5376K, committed 6080K, reserved 1048576K
}
Event: 13.748 GC heap after
{Heap after GC invocations=12 (full 0):
 garbage-first heap   total 89088K, used 33085K [0x00000000a0000000, 0x0000000100000000)
  region size 1024K, 1 young (1024K), 1 survivors (1024K)
 Metaspace       used 39059K, committed 40448K, reserved 1114112K
  class space    used 5376K, committed 6080K, reserved 1048576K
}
Event: 15.248 GC heap before
{Heap before GC invocations=12 (full 0):
 garbage-first heap   total 89088K, used 65853K [0x00000000a0000000, 0x0000000100000000)
  region size 1024K, 34 young (34816K), 1 survivors (1024K)
 Metaspace       used 42011K, committed 43392K, reserved 1114112K
  class space    used 5751K, committed 6464K, reserved 1048576K
}

